<?xml version="1.0" encoding="UTF-8"?>
<!-- Generated by org.testng.reporters.JUnitReportReporter -->
<testsuite hostname="DESKTOP-58MO9PG" failures="0" tests="1" name="testScript.LoginFleapo" time="4.313" errors="0" timestamp="2023-06-01T18:01:15 IST" skipped="0">
  <testcase classname="testScript.LoginFleapo" name="reports" time="4.313"/>
  <system-out/>
</testsuite> <!-- testScript.LoginFleapo -->
