<?xml version="1.0" encoding="UTF-8"?>
<!-- Generated by org.testng.reporters.JUnitReportReporter -->
<testsuite hostname="DESKTOP-58MO9PG" failures="0" tests="1" name="testScript.ReportsTest" time="2.182" errors="0" timestamp="2023-06-01T17:42:57 IST" skipped="0">
  <testcase classname="testScript.ReportsTest" name="reports" time="2.182"/>
  <system-out/>
</testsuite> <!-- testScript.ReportsTest -->
