<?xml version="1.0" encoding="UTF-8"?>
<!-- Generated by org.testng.reporters.JUnitReportReporter -->
<testsuite hostname="DESKTOP-58MO9PG" failures="0" tests="1" name="testScript.LoginPageTest" time="53.716" errors="0" timestamp="2023-05-30T08:51:45 IST" skipped="0">
  <testcase classname="testScript.LoginPageTest" name="loginApp" time="53.716"/>
  <system-out/>
</testsuite> <!-- testScript.LoginPageTest -->
